2019-03-28 01:50:56 +0000  Initial pipeline context: <IDEDistributionProcessingPipelineContext: 0x7f84b4ab0a20; archive(resolved)='<IDEArchive: 0x7f84b4be31f0>', distributionTask(resolved)='2', distributionDestination(resolved)='2', distributionMethod(resolved)='<IDEDistributionMethodiOSAppStoreDistribution: 0x7f84b0ef0590>', team(resolved)='<IDEProvisioningDisambiguatableBasicTeam: 0x7f84b30773b0; teamID='6K9GD6TJ48', teamName='Dana Elhertani', teamType='Individual', username='danaelhertani@gmail.com', isFreeProvisioningTeam='0'>'>
	Chain (13, self inclusive):
	<IDEDistributionProcessingPipelineContext: 0x7f84b4ab0a20; archive = '<IDEArchive: 0x7f84b4be31f0>', distributionMethod='<IDEDistributionMethodiOSAppStoreDistribution: 0x7f84b0ef0590>', team='<IDEProvisioningDisambiguatableBasicTeam: 0x7f84b30773b0; teamID='6K9GD6TJ48', teamName='Dana Elhertani', teamType='Individual', username='danaelhertani@gmail.com', isFreeProvisioningTeam='0'>'>
	<IDEDistributionProcessingPipelineContext: 0x7f84b59b6270; archive = '<IDEArchive: 0x7f84b4be31f0>', distributionMethod='<IDEDistributionMethodiOSAppStoreDistribution: 0x7f84b0ef0590>', team='<IDEProvisioningDisambiguatableBasicTeam: 0x7f84b30773b0; teamID='6K9GD6TJ48', teamName='Dana Elhertani', teamType='Individual', username='danaelhertani@gmail.com', isFreeProvisioningTeam='0'>'>
	<IDEDistributionContext: 0x7f84b5f4aef0; archive = '<IDEArchive: 0x7f84b4be31f0>', distributionMethod='<IDEDistributionMethodiOSAppStoreDistribution: 0x7f84b0ef0590>', team='<IDEProvisioningDisambiguatableBasicTeam: 0x7f84b30773b0; teamID='6K9GD6TJ48', teamName='Dana Elhertani', teamType='Individual', username='danaelhertani@gmail.com', isFreeProvisioningTeam='0'>'>
	<IDEDistributionContext: 0x7f84b5f11400; archive = '<IDEArchive: 0x7f84b4be31f0>', distributionMethod='<IDEDistributionMethodiOSAppStoreDistribution: 0x7f84b0ef0590>', team='<IDEProvisioningDisambiguatableBasicTeam: 0x7f84b30773b0; teamID='6K9GD6TJ48', teamName='Dana Elhertani', teamType='Individual', username='danaelhertani@gmail.com', isFreeProvisioningTeam='0'>'>
	<IDEDistributionContext: 0x7f84b6970e40; archive = '<IDEArchive: 0x7f84b4be31f0>', distributionMethod='<IDEDistributionMethodiOSAppStoreDistribution: 0x7f84b0ef0590>', team='<IDEProvisioningDisambiguatableBasicTeam: 0x7f84b30773b0; teamID='6K9GD6TJ48', teamName='Dana Elhertani', teamType='Individual', username='danaelhertani@gmail.com', isFreeProvisioningTeam='0'>'>
	<IDEDistributionContext: 0x7f84b5329590; archive = '<IDEArchive: 0x7f84b4be31f0>', distributionMethod='<IDEDistributionMethodiOSAppStoreDistribution: 0x7f84b0ef0590>', team='<IDEProvisioningDisambiguatableBasicTeam: 0x7f84b30773b0; teamID='6K9GD6TJ48', teamName='Dana Elhertani', teamType='Individual', username='danaelhertani@gmail.com', isFreeProvisioningTeam='0'>'>
	<IDEDistributionContext: 0x7f84b687c5a0; archive = '<IDEArchive: 0x7f84b4be31f0>', distributionMethod='<IDEDistributionMethodiOSAppStoreDistribution: 0x7f84b0ef0590>', team='<IDEProvisioningDisambiguatableBasicTeam: 0x7f84b30773b0; teamID='6K9GD6TJ48', teamName='Dana Elhertani', teamType='Individual', username='danaelhertani@gmail.com', isFreeProvisioningTeam='0'>'>
	<IDEDistributionContext: 0x7f84b6a21e30; archive = '<IDEArchive: 0x7f84b4be31f0>', distributionMethod='<IDEDistributionMethodiOSAppStoreDistribution: 0x7f84b0ef0590>', team='<IDEProvisioningDisambiguatableBasicTeam: 0x7f84b30773b0; teamID='6K9GD6TJ48', teamName='Dana Elhertani', teamType='Individual', username='danaelhertani@gmail.com', isFreeProvisioningTeam='0'>'>
	<IDEDistributionContext: 0x7f84b695e670; archive = '<IDEArchive: 0x7f84b4be31f0>', distributionMethod='<IDEDistributionMethodiOSAppStoreDistribution: 0x7f84b0ef0590>', team='<IDEProvisioningDisambiguatableBasicTeam: 0x7f84b30773b0; teamID='6K9GD6TJ48', teamName='Dana Elhertani', teamType='Individual', username='danaelhertani@gmail.com', isFreeProvisioningTeam='0'>'>
	<IDEDistributionContext: 0x7f84b6c50bf0; archive = '<IDEArchive: 0x7f84b4be31f0>', distributionMethod='<IDEDistributionMethodiOSAppStoreDistribution: 0x7f84b0ef0590>', team='<IDEProvisioningDisambiguatableBasicTeam: 0x7f84b30773b0; teamID='6K9GD6TJ48', teamName='Dana Elhertani', teamType='Individual', username='danaelhertani@gmail.com', isFreeProvisioningTeam='0'>'>
	<IDEDistributionContext: 0x7f84b5f2c720; archive = '<IDEArchive: 0x7f84b4be31f0>', distributionMethod='<IDEDistributionMethodiOSAppStoreDistribution: 0x7f84b0ef0590>', team='(null)'>
	<IDEDistributionContext: 0x7f84b5bc55f0; archive = '<IDEArchive: 0x7f84b4be31f0>', distributionMethod='<IDEDistributionMethodiOSAppStoreDistribution: 0x7f84b0ef0590>', team='(null)'>
	<IDEDistributionContext: 0x7f84b4ee9510; archive = '<IDEArchive: 0x7f84b4be31f0>', distributionMethod='(null)', team='(null)'>
</IDEDistributionProcessingPipelineContext: 0x7f84b4ab0a20>
2019-03-28 01:50:56 +0000  Processing step: IDEDistributionCreateDestRootStep
2019-03-28 01:50:56 +0000  Processing step: IDEDistributionCopyItemStep
2019-03-28 01:50:56 +0000  Running /usr/bin/ditto '-V' '/Users/danane/Library/Developer/Xcode/Archives/2019-03-27/99 Names 3-27-19, 9.14 PM.xcarchive/Products/Applications/99 Names.app' '/var/folders/91/zdtwprqn2hq1gs9htg00q5y80000gn/T/XcodeDistPipeline.pdb/Root/Payload/99 Names.app'
2019-03-28 01:50:56 +0000  >>> Copying /Users/danane/Library/Developer/Xcode/Archives/2019-03-27/99 Names 3-27-19, 9.14 PM.xcarchive/Products/Applications/99 Names.app 
2019-03-28 01:50:56 +0000  copying file ./_CodeSignature/CodeResources ... 
2019-03-28 01:50:56 +0000  7123 bytes for ./_CodeSignature/CodeResources
2019-03-28 01:50:56 +0000  copying file ./99 Names ... 
2019-03-28 01:50:56 +0000  176464 bytes for ./99 Names
2019-03-28 01:50:56 +0000  copying file ./Base.lproj/Main.storyboardc/UIViewController-BYZ-38-t0r.nib ... 
2019-03-28 01:50:56 +0000  979 bytes for ./Base.lproj/Main.storyboardc/UIViewController-BYZ-38-t0r.nib
copying file ./Base.lproj/Main.storyboardc/BYZ-38-t0r-view-8bC-Xf-vdC.nib ... 
2019-03-28 01:50:56 +0000  3154 bytes for ./Base.lproj/Main.storyboardc/BYZ-38-t0r-view-8bC-Xf-vdC.nib
copying file ./Base.lproj/Main.storyboardc/Info.plist ... 
2019-03-28 01:50:56 +0000  258 bytes for ./Base.lproj/Main.storyboardc/Info.plist
2019-03-28 01:50:56 +0000  copying file ./Base.lproj/LaunchScreen.storyboardc/01J-lp-oVM-view-Ze5-6b-2t3.nib ... 
2019-03-28 01:50:56 +0000  1136 bytes for ./Base.lproj/LaunchScreen.storyboardc/01J-lp-oVM-view-Ze5-6b-2t3.nib
copying file ./Base.lproj/LaunchScreen.storyboardc/UIViewController-01J-lp-oVM.nib ... 
2019-03-28 01:50:56 +0000  832 bytes for ./Base.lproj/LaunchScreen.storyboardc/UIViewController-01J-lp-oVM.nib
copying file ./Base.lproj/LaunchScreen.storyboardc/Info.plist ... 
2019-03-28 01:50:56 +0000  258 bytes for ./Base.lproj/LaunchScreen.storyboardc/Info.plist
2019-03-28 01:50:56 +0000  copying file ./Assets.car ... 
2019-03-28 01:50:56 +0000  494280 bytes for ./Assets.car
2019-03-28 01:50:56 +0000  copying file ./Frameworks/libswiftCoreImage.dylib ... 
2019-03-28 01:50:56 +0000  463984 bytes for ./Frameworks/libswiftCoreImage.dylib
copying file ./Frameworks/libswiftObjectiveC.dylib ... 
2019-03-28 01:50:56 +0000  676704 bytes for ./Frameworks/libswiftObjectiveC.dylib
copying file ./Frameworks/libswiftCore.dylib ... 
2019-03-28 01:50:56 +0000  98312976 bytes for ./Frameworks/libswiftCore.dylib
copying file ./Frameworks/libswiftCoreGraphics.dylib ... 
2019-03-28 01:50:56 +0000  2342512 bytes for ./Frameworks/libswiftCoreGraphics.dylib
copying file ./Frameworks/libswiftUIKit.dylib ... 
2019-03-28 01:50:56 +0000  1987552 bytes for ./Frameworks/libswiftUIKit.dylib
copying file ./Frameworks/libswiftMetal.dylib ... 
2019-03-28 01:50:56 +0000  722032 bytes for ./Frameworks/libswiftMetal.dylib
copying file ./Frameworks/libswiftDispatch.dylib ... 
2019-03-28 01:50:56 +0000  4229072 bytes for ./Frameworks/libswiftDispatch.dylib
copying file ./Frameworks/libswiftos.dylib ... 
2019-03-28 01:50:56 +0000  874304 bytes for ./Frameworks/libswiftos.dylib
copying file ./Frameworks/libswiftCoreFoundation.dylib ... 
2019-03-28 01:50:56 +0000  398000 bytes for ./Frameworks/libswiftCoreFoundation.dylib
copying file ./Frameworks/libswiftDarwin.dylib ... 
2019-03-28 01:50:56 +0000  1091888 bytes for ./Frameworks/libswiftDarwin.dylib
copying file ./Frameworks/libswiftQuartzCore.dylib ... 
2019-03-28 01:50:56 +0000  468000 bytes for ./Frameworks/libswiftQuartzCore.dylib
copying file ./Frameworks/libswiftFoundation.dylib ... 
2019-03-28 01:50:56 +0000  42507584 bytes for ./Frameworks/libswiftFoundation.dylib
2019-03-28 01:50:56 +0000  /usr/bin/ditto exited with 0
2019-03-28 01:50:56 +0000  copying file ./embedded.mobileprovision ... 
9563 bytes for ./embedded.mobileprovision
copying file ./Info.plist ... 
1096 bytes for ./Info.plist
copying file ./PkgInfo ... 
8 bytes for ./PkgInfo
2019-03-28 01:50:56 +0000  Processing step: IDEDistributionEmbedProfileStep
2019-03-28 01:50:56 +0000  Skipping profile for item: <IDEDistributionItem: 0x7f84b53ed130 'com.apple.dt.runtime.swiftCore' '<DVTFilePath:0x7f84b4f183c0:'/Users/danane/Library/Developer/Xcode/Archives/2019-03-27/99 Names 3-27-19, 9.14 PM.xcarchive/Products/Applications/99 Names.app/Frameworks/libswiftCore.dylib'>'>
2019-03-28 01:50:56 +0000  Skipping profile for item: <IDEDistributionItem: 0x7f84b46a27f0 'com.apple.dt.runtime.swiftCoreFoundation' '<DVTFilePath:0x7f84b335a320:'/Users/danane/Library/Developer/Xcode/Archives/2019-03-27/99 Names 3-27-19, 9.14 PM.xcarchive/Products/Applications/99 Names.app/Frameworks/libswiftCoreFoundation.dylib'>'>
2019-03-28 01:50:56 +0000  Skipping profile for item: <IDEDistributionItem: 0x7f84b68817d0 'com.apple.dt.runtime.swiftCoreGraphics' '<DVTFilePath:0x7f84b57c02d0:'/Users/danane/Library/Developer/Xcode/Archives/2019-03-27/99 Names 3-27-19, 9.14 PM.xcarchive/Products/Applications/99 Names.app/Frameworks/libswiftCoreGraphics.dylib'>'>
2019-03-28 01:50:56 +0000  Skipping profile for item: <IDEDistributionItem: 0x7f84b480ce80 'com.apple.dt.runtime.swiftCoreImage' '<DVTFilePath:0x7f84b48a4df0:'/Users/danane/Library/Developer/Xcode/Archives/2019-03-27/99 Names 3-27-19, 9.14 PM.xcarchive/Products/Applications/99 Names.app/Frameworks/libswiftCoreImage.dylib'>'>
2019-03-28 01:50:56 +0000  Skipping profile for item: <IDEDistributionItem: 0x7f84b5e8f950 'com.apple.dt.runtime.swiftDarwin' '<DVTFilePath:0x7f84b4f237c0:'/Users/danane/Library/Developer/Xcode/Archives/2019-03-27/99 Names 3-27-19, 9.14 PM.xcarchive/Products/Applications/99 Names.app/Frameworks/libswiftDarwin.dylib'>'>
2019-03-28 01:50:56 +0000  Skipping profile for item: <IDEDistributionItem: 0x7f84b539b660 'com.apple.dt.runtime.swiftDispatch' '<DVTFilePath:0x7f84b4788390:'/Users/danane/Library/Developer/Xcode/Archives/2019-03-27/99 Names 3-27-19, 9.14 PM.xcarchive/Products/Applications/99 Names.app/Frameworks/libswiftDispatch.dylib'>'>
2019-03-28 01:50:56 +0000  Skipping profile for item: <IDEDistributionItem: 0x7f84b16f20a0 'com.apple.dt.runtime.swiftFoundation' '<DVTFilePath:0x7f84b31acf90:'/Users/danane/Library/Developer/Xcode/Archives/2019-03-27/99 Names 3-27-19, 9.14 PM.xcarchive/Products/Applications/99 Names.app/Frameworks/libswiftFoundation.dylib'>'>
2019-03-28 01:50:56 +0000  Skipping profile for item: <IDEDistributionItem: 0x7f84b5a19c00 'com.apple.dt.runtime.swiftMetal' '<DVTFilePath:0x7f84b24f1370:'/Users/danane/Library/Developer/Xcode/Archives/2019-03-27/99 Names 3-27-19, 9.14 PM.xcarchive/Products/Applications/99 Names.app/Frameworks/libswiftMetal.dylib'>'>
2019-03-28 01:50:56 +0000  Skipping profile for item: <IDEDistributionItem: 0x7f84afbc3210 'com.apple.dt.runtime.swiftObjectiveC' '<DVTFilePath:0x7f84b48b3d30:'/Users/danane/Library/Developer/Xcode/Archives/2019-03-27/99 Names 3-27-19, 9.14 PM.xcarchive/Products/Applications/99 Names.app/Frameworks/libswiftObjectiveC.dylib'>'>
2019-03-28 01:50:56 +0000  Skipping profile for item: <IDEDistributionItem: 0x7f84b4fdf800 'com.apple.dt.runtime.swiftQuartzCore' '<DVTFilePath:0x7f84b37d9e70:'/Users/danane/Library/Developer/Xcode/Archives/2019-03-27/99 Names 3-27-19, 9.14 PM.xcarchive/Products/Applications/99 Names.app/Frameworks/libswiftQuartzCore.dylib'>'>
2019-03-28 01:50:56 +0000  Skipping profile for item: <IDEDistributionItem: 0x7f84b5e71b80 'com.apple.dt.runtime.swiftUIKit' '<DVTFilePath:0x7f84b486e0b0:'/Users/danane/Library/Developer/Xcode/Archives/2019-03-27/99 Names 3-27-19, 9.14 PM.xcarchive/Products/Applications/99 Names.app/Frameworks/libswiftUIKit.dylib'>'>
2019-03-28 01:50:56 +0000  Skipping profile for item: <IDEDistributionItem: 0x7f84b24ca510 'com.apple.dt.runtime.swiftos' '<DVTFilePath:0x7f84b4e6b830:'/Users/danane/Library/Developer/Xcode/Archives/2019-03-27/99 Names 3-27-19, 9.14 PM.xcarchive/Products/Applications/99 Names.app/Frameworks/libswiftos.dylib'>'>
2019-03-28 01:50:56 +0000  Processing step: IDEDistributionItemRemovalStep
2019-03-28 01:50:56 +0000  Processing step: IDEDistributionAppThinningPlistStep
2019-03-28 01:50:56 +0000  Skipping step: IDEDistributionAppThinningPlistStep because it said so
2019-03-28 01:50:56 +0000  Processing step: IDEDistributionCompileBitcodeStep
2019-03-28 01:50:56 +0000  Skipping step: IDEDistributionCompileBitcodeStep because it said so
2019-03-28 01:50:56 +0000  Processing step: IDEDistributionCodeSlimmingStep
2019-03-28 01:50:56 +0000  Processing step: IDEDistributionCopyBCSymbolMapsStep
2019-03-28 01:50:56 +0000  Running /usr/bin/ditto '-V' '/Users/danane/Library/Developer/Xcode/Archives/2019-03-27/99 Names 3-27-19, 9.14 PM.xcarchive/BCSymbolMaps/A4E82151-A2CF-34AE-9AD7-752A6D4087F0.bcsymbolmap' '/var/folders/91/zdtwprqn2hq1gs9htg00q5y80000gn/T/XcodeDistPipeline.pdb/Root/BCSymbolMaps/A4E82151-A2CF-34AE-9AD7-752A6D4087F0.bcsymbolmap'
2019-03-28 01:50:56 +0000  >>> Copying /Users/danane/Library/Developer/Xcode/Archives/2019-03-27/99 Names 3-27-19, 9.14 PM.xcarchive/BCSymbolMaps/A4E82151-A2CF-34AE-9AD7-752A6D4087F0.bcsymbolmap 
2019-03-28 01:50:56 +0000  copying file ./A4E82151-A2CF-34AE-9AD7-752A6D4087F0.bcsymbolmap ... 
2019-03-28 01:50:56 +0000  14398 bytes for ./A4E82151-A2CF-34AE-9AD7-752A6D4087F0.bcsymbolmap
2019-03-28 01:50:56 +0000  /usr/bin/ditto exited with 0
2019-03-28 01:50:56 +0000  Processing step: IDEDistributionSymbolsStep
2019-03-28 01:50:57 +0000  Excluding symbols for libswiftCore.dylib
2019-03-28 01:50:57 +0000  Excluding symbols for libswiftCoreFoundation.dylib
2019-03-28 01:50:57 +0000  Excluding symbols for libswiftCoreGraphics.dylib
2019-03-28 01:50:57 +0000  Excluding symbols for libswiftCoreImage.dylib
2019-03-28 01:50:57 +0000  Excluding symbols for libswiftDarwin.dylib
2019-03-28 01:50:57 +0000  Excluding symbols for libswiftDispatch.dylib
2019-03-28 01:50:57 +0000  Excluding symbols for libswiftFoundation.dylib
2019-03-28 01:50:57 +0000  Excluding symbols for libswiftMetal.dylib
2019-03-28 01:50:57 +0000  Excluding symbols for libswiftObjectiveC.dylib
2019-03-28 01:50:57 +0000  Excluding symbols for libswiftQuartzCore.dylib
2019-03-28 01:50:57 +0000  Excluding symbols for libswiftUIKit.dylib
2019-03-28 01:50:57 +0000  Excluding symbols for libswiftos.dylib
2019-03-28 01:50:58 +0000  Excluding symbols for 99 Names.app
2019-03-28 01:50:58 +0000  Processing step: IDEDistributionCopyAppleProvidedContentStep
2019-03-28 01:50:58 +0000  Running /usr/bin/ditto '-V' '/Users/danane/Library/Developer/Xcode/Archives/2019-03-27/99 Names 3-27-19, 9.14 PM.xcarchive/SwiftSupport' '/var/folders/91/zdtwprqn2hq1gs9htg00q5y80000gn/T/XcodeDistPipeline.pdb/Root/SwiftSupport'
2019-03-28 01:50:58 +0000  >>> Copying /Users/danane/Library/Developer/Xcode/Archives/2019-03-27/99 Names 3-27-19, 9.14 PM.xcarchive/SwiftSupport 
2019-03-28 01:50:58 +0000  copying file ./iphoneos/libswiftCoreImage.dylib ... 
2019-03-28 01:50:58 +0000  466054 bytes for ./iphoneos/libswiftCoreImage.dylib
copying file ./iphoneos/libswiftObjectiveC.dylib ... 
2019-03-28 01:50:58 +0000  783684 bytes for ./iphoneos/libswiftObjectiveC.dylib
2019-03-28 01:50:58 +0000  copying file ./iphoneos/libswiftCore.dylib ... 
2019-03-28 01:50:58 +0000  144134670 bytes for ./iphoneos/libswiftCore.dylib
copying file ./iphoneos/libswiftCoreGraphics.dylib ... 
2019-03-28 01:50:58 +0000  3102532 bytes for ./iphoneos/libswiftCoreGraphics.dylib
copying file ./iphoneos/libswiftUIKit.dylib ... 
2019-03-28 01:50:58 +0000  2648637 bytes for ./iphoneos/libswiftUIKit.dylib
copying file ./iphoneos/libswiftMetal.dylib ... 
2019-03-28 01:50:58 +0000  831596 bytes for ./iphoneos/libswiftMetal.dylib
copying file ./iphoneos/libswiftDispatch.dylib ... 
2019-03-28 01:50:58 +0000  5700515 bytes for ./iphoneos/libswiftDispatch.dylib
copying file ./iphoneos/libswiftos.dylib ... 
2019-03-28 01:50:58 +0000  1091870 bytes for ./iphoneos/libswiftos.dylib
2019-03-28 01:50:58 +0000  copying file ./iphoneos/libswiftCoreFoundation.dylib ... 
2019-03-28 01:50:58 +0000  385026 bytes for ./iphoneos/libswiftCoreFoundation.dylib
copying file ./iphoneos/libswiftDarwin.dylib ... 
2019-03-28 01:50:58 +0000  1401345 bytes for ./iphoneos/libswiftDarwin.dylib
copying file ./iphoneos/libswiftQuartzCore.dylib ... 
2019-03-28 01:50:58 +0000  517767 bytes for ./iphoneos/libswiftQuartzCore.dylib
copying file ./iphoneos/libswiftFoundation.dylib ... 
2019-03-28 01:50:58 +0000  60083610 bytes for ./iphoneos/libswiftFoundation.dylib
2019-03-28 01:50:58 +0000  /usr/bin/ditto exited with 0
2019-03-28 01:50:58 +0000  Processing step: IDEDistributionAppThinningStep
2019-03-28 01:50:58 +0000  Skipping step: IDEDistributionAppThinningStep because it said so
2019-03-28 01:50:58 +0000  Processing step: IDEDistributionArchThinningStep
2019-03-28 01:50:58 +0000  Running /Applications/Xcode.app/Contents/Developer/Toolchains/XcodeDefault.xctoolchain/usr/bin/lipo '/var/folders/91/zdtwprqn2hq1gs9htg00q5y80000gn/T/XcodeDistPipeline.pdb/Root/Payload/99 Names.app/Frameworks/libswiftCore.dylib' '-verify_arch' 'arm64e'
2019-03-28 01:50:58 +0000  /Applications/Xcode.app/Contents/Developer/Toolchains/XcodeDefault.xctoolchain/usr/bin/lipo exited with 0
2019-03-28 01:50:58 +0000  Running /Applications/Xcode.app/Contents/Developer/Toolchains/XcodeDefault.xctoolchain/usr/bin/lipo '/var/folders/91/zdtwprqn2hq1gs9htg00q5y80000gn/T/XcodeDistPipeline.pdb/Root/Payload/99 Names.app/Frameworks/libswiftCore.dylib' '-remove' 'arm64e' '-output' '/var/folders/91/zdtwprqn2hq1gs9htg00q5y80000gn/T/XcodeDistPipeline.pdb/Root/Payload/99 Names.app/Frameworks/libswiftCore.dylib'
2019-03-28 01:50:58 +0000  /Applications/Xcode.app/Contents/Developer/Toolchains/XcodeDefault.xctoolchain/usr/bin/lipo exited with 0
2019-03-28 01:50:58 +0000  Successfully thinned item "libswiftCore.dylib", arch "arm64e"
2019-03-28 01:50:58 +0000  Running /Applications/Xcode.app/Contents/Developer/Toolchains/XcodeDefault.xctoolchain/usr/bin/lipo '/var/folders/91/zdtwprqn2hq1gs9htg00q5y80000gn/T/XcodeDistPipeline.pdb/Root/Payload/99 Names.app/Frameworks/libswiftCoreFoundation.dylib' '-verify_arch' 'arm64e'
2019-03-28 01:50:58 +0000  /Applications/Xcode.app/Contents/Developer/Toolchains/XcodeDefault.xctoolchain/usr/bin/lipo exited with 0
2019-03-28 01:50:58 +0000  Running /Applications/Xcode.app/Contents/Developer/Toolchains/XcodeDefault.xctoolchain/usr/bin/lipo '/var/folders/91/zdtwprqn2hq1gs9htg00q5y80000gn/T/XcodeDistPipeline.pdb/Root/Payload/99 Names.app/Frameworks/libswiftCoreFoundation.dylib' '-remove' 'arm64e' '-output' '/var/folders/91/zdtwprqn2hq1gs9htg00q5y80000gn/T/XcodeDistPipeline.pdb/Root/Payload/99 Names.app/Frameworks/libswiftCoreFoundation.dylib'
2019-03-28 01:50:58 +0000  /Applications/Xcode.app/Contents/Developer/Toolchains/XcodeDefault.xctoolchain/usr/bin/lipo exited with 0
2019-03-28 01:50:58 +0000  Successfully thinned item "libswiftCoreFoundation.dylib", arch "arm64e"
2019-03-28 01:50:58 +0000  Running /Applications/Xcode.app/Contents/Developer/Toolchains/XcodeDefault.xctoolchain/usr/bin/lipo '/var/folders/91/zdtwprqn2hq1gs9htg00q5y80000gn/T/XcodeDistPipeline.pdb/Root/Payload/99 Names.app/Frameworks/libswiftCoreGraphics.dylib' '-verify_arch' 'arm64e'
2019-03-28 01:50:58 +0000  /Applications/Xcode.app/Contents/Developer/Toolchains/XcodeDefault.xctoolchain/usr/bin/lipo exited with 0
2019-03-28 01:50:58 +0000  Running /Applications/Xcode.app/Contents/Developer/Toolchains/XcodeDefault.xctoolchain/usr/bin/lipo '/var/folders/91/zdtwprqn2hq1gs9htg00q5y80000gn/T/XcodeDistPipeline.pdb/Root/Payload/99 Names.app/Frameworks/libswiftCoreGraphics.dylib' '-remove' 'arm64e' '-output' '/var/folders/91/zdtwprqn2hq1gs9htg00q5y80000gn/T/XcodeDistPipeline.pdb/Root/Payload/99 Names.app/Frameworks/libswiftCoreGraphics.dylib'
2019-03-28 01:50:58 +0000  /Applications/Xcode.app/Contents/Developer/Toolchains/XcodeDefault.xctoolchain/usr/bin/lipo exited with 0
2019-03-28 01:50:58 +0000  Successfully thinned item "libswiftCoreGraphics.dylib", arch "arm64e"
2019-03-28 01:50:58 +0000  Running /Applications/Xcode.app/Contents/Developer/Toolchains/XcodeDefault.xctoolchain/usr/bin/lipo '/var/folders/91/zdtwprqn2hq1gs9htg00q5y80000gn/T/XcodeDistPipeline.pdb/Root/Payload/99 Names.app/Frameworks/libswiftCoreImage.dylib' '-verify_arch' 'arm64e'
2019-03-28 01:50:58 +0000  /Applications/Xcode.app/Contents/Developer/Toolchains/XcodeDefault.xctoolchain/usr/bin/lipo exited with 0
2019-03-28 01:50:58 +0000  Running /Applications/Xcode.app/Contents/Developer/Toolchains/XcodeDefault.xctoolchain/usr/bin/lipo '/var/folders/91/zdtwprqn2hq1gs9htg00q5y80000gn/T/XcodeDistPipeline.pdb/Root/Payload/99 Names.app/Frameworks/libswiftCoreImage.dylib' '-remove' 'arm64e' '-output' '/var/folders/91/zdtwprqn2hq1gs9htg00q5y80000gn/T/XcodeDistPipeline.pdb/Root/Payload/99 Names.app/Frameworks/libswiftCoreImage.dylib'
2019-03-28 01:50:58 +0000  /Applications/Xcode.app/Contents/Developer/Toolchains/XcodeDefault.xctoolchain/usr/bin/lipo exited with 0
2019-03-28 01:50:58 +0000  Successfully thinned item "libswiftCoreImage.dylib", arch "arm64e"
2019-03-28 01:50:58 +0000  Running /Applications/Xcode.app/Contents/Developer/Toolchains/XcodeDefault.xctoolchain/usr/bin/lipo '/var/folders/91/zdtwprqn2hq1gs9htg00q5y80000gn/T/XcodeDistPipeline.pdb/Root/Payload/99 Names.app/Frameworks/libswiftDarwin.dylib' '-verify_arch' 'arm64e'
2019-03-28 01:50:58 +0000  /Applications/Xcode.app/Contents/Developer/Toolchains/XcodeDefault.xctoolchain/usr/bin/lipo exited with 0
2019-03-28 01:50:58 +0000  Running /Applications/Xcode.app/Contents/Developer/Toolchains/XcodeDefault.xctoolchain/usr/bin/lipo '/var/folders/91/zdtwprqn2hq1gs9htg00q5y80000gn/T/XcodeDistPipeline.pdb/Root/Payload/99 Names.app/Frameworks/libswiftDarwin.dylib' '-remove' 'arm64e' '-output' '/var/folders/91/zdtwprqn2hq1gs9htg00q5y80000gn/T/XcodeDistPipeline.pdb/Root/Payload/99 Names.app/Frameworks/libswiftDarwin.dylib'
2019-03-28 01:50:58 +0000  /Applications/Xcode.app/Contents/Developer/Toolchains/XcodeDefault.xctoolchain/usr/bin/lipo exited with 0
2019-03-28 01:50:58 +0000  Successfully thinned item "libswiftDarwin.dylib", arch "arm64e"
2019-03-28 01:50:58 +0000  Running /Applications/Xcode.app/Contents/Developer/Toolchains/XcodeDefault.xctoolchain/usr/bin/lipo '/var/folders/91/zdtwprqn2hq1gs9htg00q5y80000gn/T/XcodeDistPipeline.pdb/Root/Payload/99 Names.app/Frameworks/libswiftDispatch.dylib' '-verify_arch' 'arm64e'
2019-03-28 01:50:58 +0000  /Applications/Xcode.app/Contents/Developer/Toolchains/XcodeDefault.xctoolchain/usr/bin/lipo exited with 0
2019-03-28 01:50:58 +0000  Running /Applications/Xcode.app/Contents/Developer/Toolchains/XcodeDefault.xctoolchain/usr/bin/lipo '/var/folders/91/zdtwprqn2hq1gs9htg00q5y80000gn/T/XcodeDistPipeline.pdb/Root/Payload/99 Names.app/Frameworks/libswiftDispatch.dylib' '-remove' 'arm64e' '-output' '/var/folders/91/zdtwprqn2hq1gs9htg00q5y80000gn/T/XcodeDistPipeline.pdb/Root/Payload/99 Names.app/Frameworks/libswiftDispatch.dylib'
2019-03-28 01:50:58 +0000  /Applications/Xcode.app/Contents/Developer/Toolchains/XcodeDefault.xctoolchain/usr/bin/lipo exited with 0
2019-03-28 01:50:58 +0000  Successfully thinned item "libswiftDispatch.dylib", arch "arm64e"
2019-03-28 01:50:58 +0000  Running /Applications/Xcode.app/Contents/Developer/Toolchains/XcodeDefault.xctoolchain/usr/bin/lipo '/var/folders/91/zdtwprqn2hq1gs9htg00q5y80000gn/T/XcodeDistPipeline.pdb/Root/Payload/99 Names.app/Frameworks/libswiftFoundation.dylib' '-verify_arch' 'arm64e'
2019-03-28 01:50:58 +0000  /Applications/Xcode.app/Contents/Developer/Toolchains/XcodeDefault.xctoolchain/usr/bin/lipo exited with 0
2019-03-28 01:50:58 +0000  Running /Applications/Xcode.app/Contents/Developer/Toolchains/XcodeDefault.xctoolchain/usr/bin/lipo '/var/folders/91/zdtwprqn2hq1gs9htg00q5y80000gn/T/XcodeDistPipeline.pdb/Root/Payload/99 Names.app/Frameworks/libswiftFoundation.dylib' '-remove' 'arm64e' '-output' '/var/folders/91/zdtwprqn2hq1gs9htg00q5y80000gn/T/XcodeDistPipeline.pdb/Root/Payload/99 Names.app/Frameworks/libswiftFoundation.dylib'
2019-03-28 01:50:58 +0000  /Applications/Xcode.app/Contents/Developer/Toolchains/XcodeDefault.xctoolchain/usr/bin/lipo exited with 0
2019-03-28 01:50:58 +0000  Successfully thinned item "libswiftFoundation.dylib", arch "arm64e"
2019-03-28 01:50:58 +0000  Running /Applications/Xcode.app/Contents/Developer/Toolchains/XcodeDefault.xctoolchain/usr/bin/lipo '/var/folders/91/zdtwprqn2hq1gs9htg00q5y80000gn/T/XcodeDistPipeline.pdb/Root/Payload/99 Names.app/Frameworks/libswiftMetal.dylib' '-verify_arch' 'arm64e'
2019-03-28 01:50:58 +0000  /Applications/Xcode.app/Contents/Developer/Toolchains/XcodeDefault.xctoolchain/usr/bin/lipo exited with 0
2019-03-28 01:50:58 +0000  Running /Applications/Xcode.app/Contents/Developer/Toolchains/XcodeDefault.xctoolchain/usr/bin/lipo '/var/folders/91/zdtwprqn2hq1gs9htg00q5y80000gn/T/XcodeDistPipeline.pdb/Root/Payload/99 Names.app/Frameworks/libswiftMetal.dylib' '-remove' 'arm64e' '-output' '/var/folders/91/zdtwprqn2hq1gs9htg00q5y80000gn/T/XcodeDistPipeline.pdb/Root/Payload/99 Names.app/Frameworks/libswiftMetal.dylib'
2019-03-28 01:50:58 +0000  /Applications/Xcode.app/Contents/Developer/Toolchains/XcodeDefault.xctoolchain/usr/bin/lipo exited with 0
2019-03-28 01:50:58 +0000  Successfully thinned item "libswiftMetal.dylib", arch "arm64e"
2019-03-28 01:50:58 +0000  Running /Applications/Xcode.app/Contents/Developer/Toolchains/XcodeDefault.xctoolchain/usr/bin/lipo '/var/folders/91/zdtwprqn2hq1gs9htg00q5y80000gn/T/XcodeDistPipeline.pdb/Root/Payload/99 Names.app/Frameworks/libswiftObjectiveC.dylib' '-verify_arch' 'arm64e'
2019-03-28 01:50:58 +0000  /Applications/Xcode.app/Contents/Developer/Toolchains/XcodeDefault.xctoolchain/usr/bin/lipo exited with 0
2019-03-28 01:50:58 +0000  Running /Applications/Xcode.app/Contents/Developer/Toolchains/XcodeDefault.xctoolchain/usr/bin/lipo '/var/folders/91/zdtwprqn2hq1gs9htg00q5y80000gn/T/XcodeDistPipeline.pdb/Root/Payload/99 Names.app/Frameworks/libswiftObjectiveC.dylib' '-remove' 'arm64e' '-output' '/var/folders/91/zdtwprqn2hq1gs9htg00q5y80000gn/T/XcodeDistPipeline.pdb/Root/Payload/99 Names.app/Frameworks/libswiftObjectiveC.dylib'
2019-03-28 01:50:58 +0000  /Applications/Xcode.app/Contents/Developer/Toolchains/XcodeDefault.xctoolchain/usr/bin/lipo exited with 0
2019-03-28 01:50:58 +0000  Successfully thinned item "libswiftObjectiveC.dylib", arch "arm64e"
2019-03-28 01:50:58 +0000  Running /Applications/Xcode.app/Contents/Developer/Toolchains/XcodeDefault.xctoolchain/usr/bin/lipo '/var/folders/91/zdtwprqn2hq1gs9htg00q5y80000gn/T/XcodeDistPipeline.pdb/Root/Payload/99 Names.app/Frameworks/libswiftQuartzCore.dylib' '-verify_arch' 'arm64e'
2019-03-28 01:50:58 +0000  /Applications/Xcode.app/Contents/Developer/Toolchains/XcodeDefault.xctoolchain/usr/bin/lipo exited with 0
2019-03-28 01:50:58 +0000  Running /Applications/Xcode.app/Contents/Developer/Toolchains/XcodeDefault.xctoolchain/usr/bin/lipo '/var/folders/91/zdtwprqn2hq1gs9htg00q5y80000gn/T/XcodeDistPipeline.pdb/Root/Payload/99 Names.app/Frameworks/libswiftQuartzCore.dylib' '-remove' 'arm64e' '-output' '/var/folders/91/zdtwprqn2hq1gs9htg00q5y80000gn/T/XcodeDistPipeline.pdb/Root/Payload/99 Names.app/Frameworks/libswiftQuartzCore.dylib'
2019-03-28 01:50:58 +0000  /Applications/Xcode.app/Contents/Developer/Toolchains/XcodeDefault.xctoolchain/usr/bin/lipo exited with 0
2019-03-28 01:50:58 +0000  Successfully thinned item "libswiftQuartzCore.dylib", arch "arm64e"
2019-03-28 01:50:58 +0000  Running /Applications/Xcode.app/Contents/Developer/Toolchains/XcodeDefault.xctoolchain/usr/bin/lipo '/var/folders/91/zdtwprqn2hq1gs9htg00q5y80000gn/T/XcodeDistPipeline.pdb/Root/Payload/99 Names.app/Frameworks/libswiftUIKit.dylib' '-verify_arch' 'arm64e'
2019-03-28 01:50:58 +0000  /Applications/Xcode.app/Contents/Developer/Toolchains/XcodeDefault.xctoolchain/usr/bin/lipo exited with 0
2019-03-28 01:50:58 +0000  Running /Applications/Xcode.app/Contents/Developer/Toolchains/XcodeDefault.xctoolchain/usr/bin/lipo '/var/folders/91/zdtwprqn2hq1gs9htg00q5y80000gn/T/XcodeDistPipeline.pdb/Root/Payload/99 Names.app/Frameworks/libswiftUIKit.dylib' '-remove' 'arm64e' '-output' '/var/folders/91/zdtwprqn2hq1gs9htg00q5y80000gn/T/XcodeDistPipeline.pdb/Root/Payload/99 Names.app/Frameworks/libswiftUIKit.dylib'
2019-03-28 01:50:58 +0000  /Applications/Xcode.app/Contents/Developer/Toolchains/XcodeDefault.xctoolchain/usr/bin/lipo exited with 0
2019-03-28 01:50:58 +0000  Successfully thinned item "libswiftUIKit.dylib", arch "arm64e"
2019-03-28 01:50:58 +0000  Running /Applications/Xcode.app/Contents/Developer/Toolchains/XcodeDefault.xctoolchain/usr/bin/lipo '/var/folders/91/zdtwprqn2hq1gs9htg00q5y80000gn/T/XcodeDistPipeline.pdb/Root/Payload/99 Names.app/Frameworks/libswiftos.dylib' '-verify_arch' 'arm64e'
2019-03-28 01:50:58 +0000  /Applications/Xcode.app/Contents/Developer/Toolchains/XcodeDefault.xctoolchain/usr/bin/lipo exited with 0
2019-03-28 01:50:58 +0000  Running /Applications/Xcode.app/Contents/Developer/Toolchains/XcodeDefault.xctoolchain/usr/bin/lipo '/var/folders/91/zdtwprqn2hq1gs9htg00q5y80000gn/T/XcodeDistPipeline.pdb/Root/Payload/99 Names.app/Frameworks/libswiftos.dylib' '-remove' 'arm64e' '-output' '/var/folders/91/zdtwprqn2hq1gs9htg00q5y80000gn/T/XcodeDistPipeline.pdb/Root/Payload/99 Names.app/Frameworks/libswiftos.dylib'
2019-03-28 01:50:58 +0000  /Applications/Xcode.app/Contents/Developer/Toolchains/XcodeDefault.xctoolchain/usr/bin/lipo exited with 0
2019-03-28 01:50:58 +0000  Successfully thinned item "libswiftos.dylib", arch "arm64e"
2019-03-28 01:50:58 +0000  Running /Applications/Xcode.app/Contents/Developer/Toolchains/XcodeDefault.xctoolchain/usr/bin/lipo '/var/folders/91/zdtwprqn2hq1gs9htg00q5y80000gn/T/XcodeDistPipeline.pdb/Root/Payload/99 Names.app/99 Names' '-verify_arch' 'arm64e'
2019-03-28 01:50:58 +0000  /Applications/Xcode.app/Contents/Developer/Toolchains/XcodeDefault.xctoolchain/usr/bin/lipo exited with 1
2019-03-28 01:50:58 +0000  Skipping architecture thinning for item "99 Names" because arch "arm64e" wasn't found
2019-03-28 01:50:58 +0000  Processing step: IDEDistributionODRStep
2019-03-28 01:50:58 +0000  Processing step: IDEDistributionStripXattrsStep
2019-03-28 01:50:58 +0000  Skipping stripping extended attributes of item: <IDEDistributionItem: 0x7f84b53ed130 'com.apple.dt.runtime.swiftCore' '<DVTFilePath:0x7f84b4f183c0:'/Users/danane/Library/Developer/Xcode/Archives/2019-03-27/99 Names 3-27-19, 9.14 PM.xcarchive/Products/Applications/99 Names.app/Frameworks/libswiftCore.dylib'>'>
2019-03-28 01:50:58 +0000  Skipping stripping extended attributes of item: <IDEDistributionItem: 0x7f84b46a27f0 'com.apple.dt.runtime.swiftCoreFoundation' '<DVTFilePath:0x7f84b335a320:'/Users/danane/Library/Developer/Xcode/Archives/2019-03-27/99 Names 3-27-19, 9.14 PM.xcarchive/Products/Applications/99 Names.app/Frameworks/libswiftCoreFoundation.dylib'>'>
2019-03-28 01:50:58 +0000  Skipping stripping extended attributes of item: <IDEDistributionItem: 0x7f84b68817d0 'com.apple.dt.runtime.swiftCoreGraphics' '<DVTFilePath:0x7f84b57c02d0:'/Users/danane/Library/Developer/Xcode/Archives/2019-03-27/99 Names 3-27-19, 9.14 PM.xcarchive/Products/Applications/99 Names.app/Frameworks/libswiftCoreGraphics.dylib'>'>
2019-03-28 01:50:58 +0000  Skipping stripping extended attributes of item: <IDEDistributionItem: 0x7f84b480ce80 'com.apple.dt.runtime.swiftCoreImage' '<DVTFilePath:0x7f84b48a4df0:'/Users/danane/Library/Developer/Xcode/Archives/2019-03-27/99 Names 3-27-19, 9.14 PM.xcarchive/Products/Applications/99 Names.app/Frameworks/libswiftCoreImage.dylib'>'>
2019-03-28 01:50:58 +0000  Skipping stripping extended attributes of item: <IDEDistributionItem: 0x7f84b5e8f950 'com.apple.dt.runtime.swiftDarwin' '<DVTFilePath:0x7f84b4f237c0:'/Users/danane/Library/Developer/Xcode/Archives/2019-03-27/99 Names 3-27-19, 9.14 PM.xcarchive/Products/Applications/99 Names.app/Frameworks/libswiftDarwin.dylib'>'>
2019-03-28 01:50:58 +0000  Skipping stripping extended attributes of item: <IDEDistributionItem: 0x7f84b539b660 'com.apple.dt.runtime.swiftDispatch' '<DVTFilePath:0x7f84b4788390:'/Users/danane/Library/Developer/Xcode/Archives/2019-03-27/99 Names 3-27-19, 9.14 PM.xcarchive/Products/Applications/99 Names.app/Frameworks/libswiftDispatch.dylib'>'>
2019-03-28 01:50:58 +0000  Skipping stripping extended attributes of item: <IDEDistributionItem: 0x7f84b16f20a0 'com.apple.dt.runtime.swiftFoundation' '<DVTFilePath:0x7f84b31acf90:'/Users/danane/Library/Developer/Xcode/Archives/2019-03-27/99 Names 3-27-19, 9.14 PM.xcarchive/Products/Applications/99 Names.app/Frameworks/libswiftFoundation.dylib'>'>
2019-03-28 01:50:58 +0000  Skipping stripping extended attributes of item: <IDEDistributionItem: 0x7f84b5a19c00 'com.apple.dt.runtime.swiftMetal' '<DVTFilePath:0x7f84b24f1370:'/Users/danane/Library/Developer/Xcode/Archives/2019-03-27/99 Names 3-27-19, 9.14 PM.xcarchive/Products/Applications/99 Names.app/Frameworks/libswiftMetal.dylib'>'>
2019-03-28 01:50:58 +0000  Skipping stripping extended attributes of item: <IDEDistributionItem: 0x7f84afbc3210 'com.apple.dt.runtime.swiftObjectiveC' '<DVTFilePath:0x7f84b48b3d30:'/Users/danane/Library/Developer/Xcode/Archives/2019-03-27/99 Names 3-27-19, 9.14 PM.xcarchive/Products/Applications/99 Names.app/Frameworks/libswiftObjectiveC.dylib'>'>
2019-03-28 01:50:58 +0000  Skipping stripping extended attributes of item: <IDEDistributionItem: 0x7f84b4fdf800 'com.apple.dt.runtime.swiftQuartzCore' '<DVTFilePath:0x7f84b37d9e70:'/Users/danane/Library/Developer/Xcode/Archives/2019-03-27/99 Names 3-27-19, 9.14 PM.xcarchive/Products/Applications/99 Names.app/Frameworks/libswiftQuartzCore.dylib'>'>
2019-03-28 01:50:58 +0000  Skipping stripping extended attributes of item: <IDEDistributionItem: 0x7f84b5e71b80 'com.apple.dt.runtime.swiftUIKit' '<DVTFilePath:0x7f84b486e0b0:'/Users/danane/Library/Developer/Xcode/Archives/2019-03-27/99 Names 3-27-19, 9.14 PM.xcarchive/Products/Applications/99 Names.app/Frameworks/libswiftUIKit.dylib'>'>
2019-03-28 01:50:58 +0000  Skipping stripping extended attributes of item: <IDEDistributionItem: 0x7f84b24ca510 'com.apple.dt.runtime.swiftos' '<DVTFilePath:0x7f84b4e6b830:'/Users/danane/Library/Developer/Xcode/Archives/2019-03-27/99 Names 3-27-19, 9.14 PM.xcarchive/Products/Applications/99 Names.app/Frameworks/libswiftos.dylib'>'>
2019-03-28 01:50:58 +0000  Running /usr/bin/xattr '-crs' '/var/folders/91/zdtwprqn2hq1gs9htg00q5y80000gn/T/XcodeDistPipeline.pdb/Root/Payload/99 Names.app'
2019-03-28 01:50:58 +0000  /usr/bin/xattr exited with 0
2019-03-28 01:50:58 +0000  Processing step: IDEDistributionCodesignStep
2019-03-28 01:50:58 +0000  Entitlements for <IDEDistributionItem: 0x7f84b53ed130 'com.apple.dt.runtime.swiftCore' '<DVTFilePath:0x7f84b4f183c0:'/Users/danane/Library/Developer/Xcode/Archives/2019-03-27/99 Names 3-27-19, 9.14 PM.xcarchive/Products/Applications/99 Names.app/Frameworks/libswiftCore.dylib'>'>: {
}
2019-03-28 01:50:58 +0000  Writing entitlements for <IDEDistributionItem: 0x7f84b53ed130 'com.apple.dt.runtime.swiftCore' '<DVTFilePath:0x7f84b4f183c0:'/Users/danane/Library/Developer/Xcode/Archives/2019-03-27/99 Names 3-27-19, 9.14 PM.xcarchive/Products/Applications/99 Names.app/Frameworks/libswiftCore.dylib'>'> to: /var/folders/91/zdtwprqn2hq1gs9htg00q5y80000gn/T/XcodeDistPipeline.pdb/entitlements8S6dyy
2019-03-28 01:50:58 +0000  Running /usr/bin/codesign '-vvv' '--force' '--sign' '8660386CB6927C1943202189C196C7744161574F' '--entitlements' '/var/folders/91/zdtwprqn2hq1gs9htg00q5y80000gn/T/XcodeDistPipeline.pdb/entitlements8S6dyy' '--preserve-metadata=identifier,flags,runtime' '/var/folders/91/zdtwprqn2hq1gs9htg00q5y80000gn/T/XcodeDistPipeline.pdb/Root/Payload/99 Names.app/Frameworks/libswiftCore.dylib'
2019-03-28 01:50:58 +0000  /var/folders/91/zdtwprqn2hq1gs9htg00q5y80000gn/T/XcodeDistPipeline.pdb/Root/Payload/99 Names.app/Frameworks/libswiftCore.dylib: replacing existing signature
2019-03-28 01:50:59 +0000  /var/folders/91/zdtwprqn2hq1gs9htg00q5y80000gn/T/XcodeDistPipeline.pdb/Root/Payload/99 Names.app/Frameworks/libswiftCore.dylib: signed Mach-O universal (armv7 armv7s arm64) [com.apple.dt.runtime.swiftCore]
2019-03-28 01:50:59 +0000  /usr/bin/codesign exited with 0
2019-03-28 01:50:59 +0000  Entitlements for <IDEDistributionItem: 0x7f84b46a27f0 'com.apple.dt.runtime.swiftCoreFoundation' '<DVTFilePath:0x7f84b335a320:'/Users/danane/Library/Developer/Xcode/Archives/2019-03-27/99 Names 3-27-19, 9.14 PM.xcarchive/Products/Applications/99 Names.app/Frameworks/libswiftCoreFoundation.dylib'>'>: {
}
2019-03-28 01:50:59 +0000  Writing entitlements for <IDEDistributionItem: 0x7f84b46a27f0 'com.apple.dt.runtime.swiftCoreFoundation' '<DVTFilePath:0x7f84b335a320:'/Users/danane/Library/Developer/Xcode/Archives/2019-03-27/99 Names 3-27-19, 9.14 PM.xcarchive/Products/Applications/99 Names.app/Frameworks/libswiftCoreFoundation.dylib'>'> to: /var/folders/91/zdtwprqn2hq1gs9htg00q5y80000gn/T/XcodeDistPipeline.pdb/entitlementsgfSKsk
2019-03-28 01:50:59 +0000  Running /usr/bin/codesign '-vvv' '--force' '--sign' '8660386CB6927C1943202189C196C7744161574F' '--entitlements' '/var/folders/91/zdtwprqn2hq1gs9htg00q5y80000gn/T/XcodeDistPipeline.pdb/entitlementsgfSKsk' '--preserve-metadata=identifier,flags,runtime' '/var/folders/91/zdtwprqn2hq1gs9htg00q5y80000gn/T/XcodeDistPipeline.pdb/Root/Payload/99 Names.app/Frameworks/libswiftCoreFoundation.dylib'
2019-03-28 01:50:59 +0000  /var/folders/91/zdtwprqn2hq1gs9htg00q5y80000gn/T/XcodeDistPipeline.pdb/Root/Payload/99 Names.app/Frameworks/libswiftCoreFoundation.dylib: replacing existing signature
2019-03-28 01:50:59 +0000  /var/folders/91/zdtwprqn2hq1gs9htg00q5y80000gn/T/XcodeDistPipeline.pdb/Root/Payload/99 Names.app/Frameworks/libswiftCoreFoundation.dylib: signed Mach-O universal (armv7 armv7s arm64) [com.apple.dt.runtime.swiftCoreFoundation]
2019-03-28 01:50:59 +0000  /usr/bin/codesign exited with 0
2019-03-28 01:50:59 +0000  Entitlements for <IDEDistributionItem: 0x7f84b68817d0 'com.apple.dt.runtime.swiftCoreGraphics' '<DVTFilePath:0x7f84b57c02d0:'/Users/danane/Library/Developer/Xcode/Archives/2019-03-27/99 Names 3-27-19, 9.14 PM.xcarchive/Products/Applications/99 Names.app/Frameworks/libswiftCoreGraphics.dylib'>'>: {
}
2019-03-28 01:50:59 +0000  Writing entitlements for <IDEDistributionItem: 0x7f84b68817d0 'com.apple.dt.runtime.swiftCoreGraphics' '<DVTFilePath:0x7f84b57c02d0:'/Users/danane/Library/Developer/Xcode/Archives/2019-03-27/99 Names 3-27-19, 9.14 PM.xcarchive/Products/Applications/99 Names.app/Frameworks/libswiftCoreGraphics.dylib'>'> to: /var/folders/91/zdtwprqn2hq1gs9htg00q5y80000gn/T/XcodeDistPipeline.pdb/entitlements1woT3B
2019-03-28 01:50:59 +0000  Running /usr/bin/codesign '-vvv' '--force' '--sign' '8660386CB6927C1943202189C196C7744161574F' '--entitlements' '/var/folders/91/zdtwprqn2hq1gs9htg00q5y80000gn/T/XcodeDistPipeline.pdb/entitlements1woT3B' '--preserve-metadata=identifier,flags,runtime' '/var/folders/91/zdtwprqn2hq1gs9htg00q5y80000gn/T/XcodeDistPipeline.pdb/Root/Payload/99 Names.app/Frameworks/libswiftCoreGraphics.dylib'
2019-03-28 01:50:59 +0000  /var/folders/91/zdtwprqn2hq1gs9htg00q5y80000gn/T/XcodeDistPipeline.pdb/Root/Payload/99 Names.app/Frameworks/libswiftCoreGraphics.dylib: replacing existing signature
2019-03-28 01:50:59 +0000  /var/folders/91/zdtwprqn2hq1gs9htg00q5y80000gn/T/XcodeDistPipeline.pdb/Root/Payload/99 Names.app/Frameworks/libswiftCoreGraphics.dylib: signed Mach-O universal (armv7 armv7s arm64) [com.apple.dt.runtime.swiftCoreGraphics]
2019-03-28 01:50:59 +0000  /usr/bin/codesign exited with 0
2019-03-28 01:50:59 +0000  Entitlements for <IDEDistributionItem: 0x7f84b480ce80 'com.apple.dt.runtime.swiftCoreImage' '<DVTFilePath:0x7f84b48a4df0:'/Users/danane/Library/Developer/Xcode/Archives/2019-03-27/99 Names 3-27-19, 9.14 PM.xcarchive/Products/Applications/99 Names.app/Frameworks/libswiftCoreImage.dylib'>'>: {
}
2019-03-28 01:50:59 +0000  Writing entitlements for <IDEDistributionItem: 0x7f84b480ce80 'com.apple.dt.runtime.swiftCoreImage' '<DVTFilePath:0x7f84b48a4df0:'/Users/danane/Library/Developer/Xcode/Archives/2019-03-27/99 Names 3-27-19, 9.14 PM.xcarchive/Products/Applications/99 Names.app/Frameworks/libswiftCoreImage.dylib'>'> to: /var/folders/91/zdtwprqn2hq1gs9htg00q5y80000gn/T/XcodeDistPipeline.pdb/entitlements0ztllq
2019-03-28 01:50:59 +0000  Running /usr/bin/codesign '-vvv' '--force' '--sign' '8660386CB6927C1943202189C196C7744161574F' '--entitlements' '/var/folders/91/zdtwprqn2hq1gs9htg00q5y80000gn/T/XcodeDistPipeline.pdb/entitlements0ztllq' '--preserve-metadata=identifier,flags,runtime' '/var/folders/91/zdtwprqn2hq1gs9htg00q5y80000gn/T/XcodeDistPipeline.pdb/Root/Payload/99 Names.app/Frameworks/libswiftCoreImage.dylib'
2019-03-28 01:50:59 +0000  /var/folders/91/zdtwprqn2hq1gs9htg00q5y80000gn/T/XcodeDistPipeline.pdb/Root/Payload/99 Names.app/Frameworks/libswiftCoreImage.dylib: replacing existing signature
2019-03-28 01:50:59 +0000  /var/folders/91/zdtwprqn2hq1gs9htg00q5y80000gn/T/XcodeDistPipeline.pdb/Root/Payload/99 Names.app/Frameworks/libswiftCoreImage.dylib: signed Mach-O universal (armv7 armv7s arm64) [com.apple.dt.runtime.swiftCoreImage]
2019-03-28 01:50:59 +0000  /usr/bin/codesign exited with 0
2019-03-28 01:50:59 +0000  Entitlements for <IDEDistributionItem: 0x7f84b5e8f950 'com.apple.dt.runtime.swiftDarwin' '<DVTFilePath:0x7f84b4f237c0:'/Users/danane/Library/Developer/Xcode/Archives/2019-03-27/99 Names 3-27-19, 9.14 PM.xcarchive/Products/Applications/99 Names.app/Frameworks/libswiftDarwin.dylib'>'>: {
}
2019-03-28 01:50:59 +0000  Writing entitlements for <IDEDistributionItem: 0x7f84b5e8f950 'com.apple.dt.runtime.swiftDarwin' '<DVTFilePath:0x7f84b4f237c0:'/Users/danane/Library/Developer/Xcode/Archives/2019-03-27/99 Names 3-27-19, 9.14 PM.xcarchive/Products/Applications/99 Names.app/Frameworks/libswiftDarwin.dylib'>'> to: /var/folders/91/zdtwprqn2hq1gs9htg00q5y80000gn/T/XcodeDistPipeline.pdb/entitlementsOG942x
2019-03-28 01:50:59 +0000  Running /usr/bin/codesign '-vvv' '--force' '--sign' '8660386CB6927C1943202189C196C7744161574F' '--entitlements' '/var/folders/91/zdtwprqn2hq1gs9htg00q5y80000gn/T/XcodeDistPipeline.pdb/entitlementsOG942x' '--preserve-metadata=identifier,flags,runtime' '/var/folders/91/zdtwprqn2hq1gs9htg00q5y80000gn/T/XcodeDistPipeline.pdb/Root/Payload/99 Names.app/Frameworks/libswiftDarwin.dylib'
2019-03-28 01:50:59 +0000  /var/folders/91/zdtwprqn2hq1gs9htg00q5y80000gn/T/XcodeDistPipeline.pdb/Root/Payload/99 Names.app/Frameworks/libswiftDarwin.dylib: replacing existing signature
2019-03-28 01:50:59 +0000  /var/folders/91/zdtwprqn2hq1gs9htg00q5y80000gn/T/XcodeDistPipeline.pdb/Root/Payload/99 Names.app/Frameworks/libswiftDarwin.dylib: signed Mach-O universal (armv7 armv7s arm64) [com.apple.dt.runtime.swiftDarwin]
2019-03-28 01:50:59 +0000  /usr/bin/codesign exited with 0
2019-03-28 01:50:59 +0000  Entitlements for <IDEDistributionItem: 0x7f84b539b660 'com.apple.dt.runtime.swiftDispatch' '<DVTFilePath:0x7f84b4788390:'/Users/danane/Library/Developer/Xcode/Archives/2019-03-27/99 Names 3-27-19, 9.14 PM.xcarchive/Products/Applications/99 Names.app/Frameworks/libswiftDispatch.dylib'>'>: {
}
2019-03-28 01:50:59 +0000  Writing entitlements for <IDEDistributionItem: 0x7f84b539b660 'com.apple.dt.runtime.swiftDispatch' '<DVTFilePath:0x7f84b4788390:'/Users/danane/Library/Developer/Xcode/Archives/2019-03-27/99 Names 3-27-19, 9.14 PM.xcarchive/Products/Applications/99 Names.app/Frameworks/libswiftDispatch.dylib'>'> to: /var/folders/91/zdtwprqn2hq1gs9htg00q5y80000gn/T/XcodeDistPipeline.pdb/entitlements74acDF
2019-03-28 01:50:59 +0000  Running /usr/bin/codesign '-vvv' '--force' '--sign' '8660386CB6927C1943202189C196C7744161574F' '--entitlements' '/var/folders/91/zdtwprqn2hq1gs9htg00q5y80000gn/T/XcodeDistPipeline.pdb/entitlements74acDF' '--preserve-metadata=identifier,flags,runtime' '/var/folders/91/zdtwprqn2hq1gs9htg00q5y80000gn/T/XcodeDistPipeline.pdb/Root/Payload/99 Names.app/Frameworks/libswiftDispatch.dylib'
2019-03-28 01:50:59 +0000  /var/folders/91/zdtwprqn2hq1gs9htg00q5y80000gn/T/XcodeDistPipeline.pdb/Root/Payload/99 Names.app/Frameworks/libswiftDispatch.dylib: replacing existing signature
2019-03-28 01:50:59 +0000  /var/folders/91/zdtwprqn2hq1gs9htg00q5y80000gn/T/XcodeDistPipeline.pdb/Root/Payload/99 Names.app/Frameworks/libswiftDispatch.dylib: signed Mach-O universal (armv7 armv7s arm64) [com.apple.dt.runtime.swiftDispatch]
2019-03-28 01:50:59 +0000  /usr/bin/codesign exited with 0
2019-03-28 01:50:59 +0000  Entitlements for <IDEDistributionItem: 0x7f84b16f20a0 'com.apple.dt.runtime.swiftFoundation' '<DVTFilePath:0x7f84b31acf90:'/Users/danane/Library/Developer/Xcode/Archives/2019-03-27/99 Names 3-27-19, 9.14 PM.xcarchive/Products/Applications/99 Names.app/Frameworks/libswiftFoundation.dylib'>'>: {
}
2019-03-28 01:50:59 +0000  Writing entitlements for <IDEDistributionItem: 0x7f84b16f20a0 'com.apple.dt.runtime.swiftFoundation' '<DVTFilePath:0x7f84b31acf90:'/Users/danane/Library/Developer/Xcode/Archives/2019-03-27/99 Names 3-27-19, 9.14 PM.xcarchive/Products/Applications/99 Names.app/Frameworks/libswiftFoundation.dylib'>'> to: /var/folders/91/zdtwprqn2hq1gs9htg00q5y80000gn/T/XcodeDistPipeline.pdb/entitlementsBMfUAY
2019-03-28 01:50:59 +0000  Running /usr/bin/codesign '-vvv' '--force' '--sign' '8660386CB6927C1943202189C196C7744161574F' '--entitlements' '/var/folders/91/zdtwprqn2hq1gs9htg00q5y80000gn/T/XcodeDistPipeline.pdb/entitlementsBMfUAY' '--preserve-metadata=identifier,flags,runtime' '/var/folders/91/zdtwprqn2hq1gs9htg00q5y80000gn/T/XcodeDistPipeline.pdb/Root/Payload/99 Names.app/Frameworks/libswiftFoundation.dylib'
2019-03-28 01:50:59 +0000  /var/folders/91/zdtwprqn2hq1gs9htg00q5y80000gn/T/XcodeDistPipeline.pdb/Root/Payload/99 Names.app/Frameworks/libswiftFoundation.dylib: replacing existing signature
2019-03-28 01:50:59 +0000  /var/folders/91/zdtwprqn2hq1gs9htg00q5y80000gn/T/XcodeDistPipeline.pdb/Root/Payload/99 Names.app/Frameworks/libswiftFoundation.dylib: signed Mach-O universal (armv7 armv7s arm64) [com.apple.dt.runtime.swiftFoundation]
2019-03-28 01:50:59 +0000  /usr/bin/codesign exited with 0
2019-03-28 01:50:59 +0000  Entitlements for <IDEDistributionItem: 0x7f84b5a19c00 'com.apple.dt.runtime.swiftMetal' '<DVTFilePath:0x7f84b24f1370:'/Users/danane/Library/Developer/Xcode/Archives/2019-03-27/99 Names 3-27-19, 9.14 PM.xcarchive/Products/Applications/99 Names.app/Frameworks/libswiftMetal.dylib'>'>: {
}
2019-03-28 01:50:59 +0000  Writing entitlements for <IDEDistributionItem: 0x7f84b5a19c00 'com.apple.dt.runtime.swiftMetal' '<DVTFilePath:0x7f84b24f1370:'/Users/danane/Library/Developer/Xcode/Archives/2019-03-27/99 Names 3-27-19, 9.14 PM.xcarchive/Products/Applications/99 Names.app/Frameworks/libswiftMetal.dylib'>'> to: /var/folders/91/zdtwprqn2hq1gs9htg00q5y80000gn/T/XcodeDistPipeline.pdb/entitlementsvTo6B1
2019-03-28 01:50:59 +0000  Running /usr/bin/codesign '-vvv' '--force' '--sign' '8660386CB6927C1943202189C196C7744161574F' '--entitlements' '/var/folders/91/zdtwprqn2hq1gs9htg00q5y80000gn/T/XcodeDistPipeline.pdb/entitlementsvTo6B1' '--preserve-metadata=identifier,flags,runtime' '/var/folders/91/zdtwprqn2hq1gs9htg00q5y80000gn/T/XcodeDistPipeline.pdb/Root/Payload/99 Names.app/Frameworks/libswiftMetal.dylib'
2019-03-28 01:50:59 +0000  /var/folders/91/zdtwprqn2hq1gs9htg00q5y80000gn/T/XcodeDistPipeline.pdb/Root/Payload/99 Names.app/Frameworks/libswiftMetal.dylib: replacing existing signature
2019-03-28 01:50:59 +0000  /var/folders/91/zdtwprqn2hq1gs9htg00q5y80000gn/T/XcodeDistPipeline.pdb/Root/Payload/99 Names.app/Frameworks/libswiftMetal.dylib: signed Mach-O universal (armv7 armv7s arm64) [com.apple.dt.runtime.swiftMetal]
2019-03-28 01:50:59 +0000  /usr/bin/codesign exited with 0
2019-03-28 01:50:59 +0000  Entitlements for <IDEDistributionItem: 0x7f84afbc3210 'com.apple.dt.runtime.swiftObjectiveC' '<DVTFilePath:0x7f84b48b3d30:'/Users/danane/Library/Developer/Xcode/Archives/2019-03-27/99 Names 3-27-19, 9.14 PM.xcarchive/Products/Applications/99 Names.app/Frameworks/libswiftObjectiveC.dylib'>'>: {
}
2019-03-28 01:50:59 +0000  Writing entitlements for <IDEDistributionItem: 0x7f84afbc3210 'com.apple.dt.runtime.swiftObjectiveC' '<DVTFilePath:0x7f84b48b3d30:'/Users/danane/Library/Developer/Xcode/Archives/2019-03-27/99 Names 3-27-19, 9.14 PM.xcarchive/Products/Applications/99 Names.app/Frameworks/libswiftObjectiveC.dylib'>'> to: /var/folders/91/zdtwprqn2hq1gs9htg00q5y80000gn/T/XcodeDistPipeline.pdb/entitlementszYBGHM
2019-03-28 01:50:59 +0000  Running /usr/bin/codesign '-vvv' '--force' '--sign' '8660386CB6927C1943202189C196C7744161574F' '--entitlements' '/var/folders/91/zdtwprqn2hq1gs9htg00q5y80000gn/T/XcodeDistPipeline.pdb/entitlementszYBGHM' '--preserve-metadata=identifier,flags,runtime' '/var/folders/91/zdtwprqn2hq1gs9htg00q5y80000gn/T/XcodeDistPipeline.pdb/Root/Payload/99 Names.app/Frameworks/libswiftObjectiveC.dylib'
2019-03-28 01:50:59 +0000  /var/folders/91/zdtwprqn2hq1gs9htg00q5y80000gn/T/XcodeDistPipeline.pdb/Root/Payload/99 Names.app/Frameworks/libswiftObjectiveC.dylib: replacing existing signature
2019-03-28 01:51:00 +0000  /var/folders/91/zdtwprqn2hq1gs9htg00q5y80000gn/T/XcodeDistPipeline.pdb/Root/Payload/99 Names.app/Frameworks/libswiftObjectiveC.dylib: signed Mach-O universal (armv7 armv7s arm64) [com.apple.dt.runtime.swiftObjectiveC]
2019-03-28 01:51:00 +0000  /usr/bin/codesign exited with 0
2019-03-28 01:51:00 +0000  Entitlements for <IDEDistributionItem: 0x7f84b4fdf800 'com.apple.dt.runtime.swiftQuartzCore' '<DVTFilePath:0x7f84b37d9e70:'/Users/danane/Library/Developer/Xcode/Archives/2019-03-27/99 Names 3-27-19, 9.14 PM.xcarchive/Products/Applications/99 Names.app/Frameworks/libswiftQuartzCore.dylib'>'>: {
}
2019-03-28 01:51:00 +0000  Writing entitlements for <IDEDistributionItem: 0x7f84b4fdf800 'com.apple.dt.runtime.swiftQuartzCore' '<DVTFilePath:0x7f84b37d9e70:'/Users/danane/Library/Developer/Xcode/Archives/2019-03-27/99 Names 3-27-19, 9.14 PM.xcarchive/Products/Applications/99 Names.app/Frameworks/libswiftQuartzCore.dylib'>'> to: /var/folders/91/zdtwprqn2hq1gs9htg00q5y80000gn/T/XcodeDistPipeline.pdb/entitlementsKpy6GF
2019-03-28 01:51:00 +0000  Running /usr/bin/codesign '-vvv' '--force' '--sign' '8660386CB6927C1943202189C196C7744161574F' '--entitlements' '/var/folders/91/zdtwprqn2hq1gs9htg00q5y80000gn/T/XcodeDistPipeline.pdb/entitlementsKpy6GF' '--preserve-metadata=identifier,flags,runtime' '/var/folders/91/zdtwprqn2hq1gs9htg00q5y80000gn/T/XcodeDistPipeline.pdb/Root/Payload/99 Names.app/Frameworks/libswiftQuartzCore.dylib'
2019-03-28 01:51:00 +0000  /var/folders/91/zdtwprqn2hq1gs9htg00q5y80000gn/T/XcodeDistPipeline.pdb/Root/Payload/99 Names.app/Frameworks/libswiftQuartzCore.dylib: replacing existing signature
2019-03-28 01:51:00 +0000  /var/folders/91/zdtwprqn2hq1gs9htg00q5y80000gn/T/XcodeDistPipeline.pdb/Root/Payload/99 Names.app/Frameworks/libswiftQuartzCore.dylib: signed Mach-O universal (armv7 armv7s arm64) [com.apple.dt.runtime.swiftQuartzCore]
2019-03-28 01:51:00 +0000  /usr/bin/codesign exited with 0
2019-03-28 01:51:00 +0000  Entitlements for <IDEDistributionItem: 0x7f84b5e71b80 'com.apple.dt.runtime.swiftUIKit' '<DVTFilePath:0x7f84b486e0b0:'/Users/danane/Library/Developer/Xcode/Archives/2019-03-27/99 Names 3-27-19, 9.14 PM.xcarchive/Products/Applications/99 Names.app/Frameworks/libswiftUIKit.dylib'>'>: {
}
2019-03-28 01:51:00 +0000  Writing entitlements for <IDEDistributionItem: 0x7f84b5e71b80 'com.apple.dt.runtime.swiftUIKit' '<DVTFilePath:0x7f84b486e0b0:'/Users/danane/Library/Developer/Xcode/Archives/2019-03-27/99 Names 3-27-19, 9.14 PM.xcarchive/Products/Applications/99 Names.app/Frameworks/libswiftUIKit.dylib'>'> to: /var/folders/91/zdtwprqn2hq1gs9htg00q5y80000gn/T/XcodeDistPipeline.pdb/entitlementsc2ENMy
2019-03-28 01:51:00 +0000  Running /usr/bin/codesign '-vvv' '--force' '--sign' '8660386CB6927C1943202189C196C7744161574F' '--entitlements' '/var/folders/91/zdtwprqn2hq1gs9htg00q5y80000gn/T/XcodeDistPipeline.pdb/entitlementsc2ENMy' '--preserve-metadata=identifier,flags,runtime' '/var/folders/91/zdtwprqn2hq1gs9htg00q5y80000gn/T/XcodeDistPipeline.pdb/Root/Payload/99 Names.app/Frameworks/libswiftUIKit.dylib'
2019-03-28 01:51:00 +0000  /var/folders/91/zdtwprqn2hq1gs9htg00q5y80000gn/T/XcodeDistPipeline.pdb/Root/Payload/99 Names.app/Frameworks/libswiftUIKit.dylib: replacing existing signature
2019-03-28 01:51:00 +0000  /var/folders/91/zdtwprqn2hq1gs9htg00q5y80000gn/T/XcodeDistPipeline.pdb/Root/Payload/99 Names.app/Frameworks/libswiftUIKit.dylib: signed Mach-O universal (armv7 armv7s arm64) [com.apple.dt.runtime.swiftUIKit]
2019-03-28 01:51:00 +0000  /usr/bin/codesign exited with 0
2019-03-28 01:51:00 +0000  Entitlements for <IDEDistributionItem: 0x7f84b24ca510 'com.apple.dt.runtime.swiftos' '<DVTFilePath:0x7f84b4e6b830:'/Users/danane/Library/Developer/Xcode/Archives/2019-03-27/99 Names 3-27-19, 9.14 PM.xcarchive/Products/Applications/99 Names.app/Frameworks/libswiftos.dylib'>'>: {
}
2019-03-28 01:51:00 +0000  Writing entitlements for <IDEDistributionItem: 0x7f84b24ca510 'com.apple.dt.runtime.swiftos' '<DVTFilePath:0x7f84b4e6b830:'/Users/danane/Library/Developer/Xcode/Archives/2019-03-27/99 Names 3-27-19, 9.14 PM.xcarchive/Products/Applications/99 Names.app/Frameworks/libswiftos.dylib'>'> to: /var/folders/91/zdtwprqn2hq1gs9htg00q5y80000gn/T/XcodeDistPipeline.pdb/entitlementsBkKEOs
2019-03-28 01:51:00 +0000  Running /usr/bin/codesign '-vvv' '--force' '--sign' '8660386CB6927C1943202189C196C7744161574F' '--entitlements' '/var/folders/91/zdtwprqn2hq1gs9htg00q5y80000gn/T/XcodeDistPipeline.pdb/entitlementsBkKEOs' '--preserve-metadata=identifier,flags,runtime' '/var/folders/91/zdtwprqn2hq1gs9htg00q5y80000gn/T/XcodeDistPipeline.pdb/Root/Payload/99 Names.app/Frameworks/libswiftos.dylib'
2019-03-28 01:51:00 +0000  /var/folders/91/zdtwprqn2hq1gs9htg00q5y80000gn/T/XcodeDistPipeline.pdb/Root/Payload/99 Names.app/Frameworks/libswiftos.dylib: replacing existing signature
2019-03-28 01:51:00 +0000  /var/folders/91/zdtwprqn2hq1gs9htg00q5y80000gn/T/XcodeDistPipeline.pdb/Root/Payload/99 Names.app/Frameworks/libswiftos.dylib: signed Mach-O universal (armv7 armv7s arm64) [com.apple.dt.runtime.swiftos]
2019-03-28 01:51:00 +0000  /usr/bin/codesign exited with 0
2019-03-28 01:51:00 +0000  Entitlements for <IDEDistributionItem: 0x7f84b5ecf4f0 'dana.-9-Names' '<DVTFilePath:0x7f84b0ea9a10:'/Users/danane/Library/Developer/Xcode/Archives/2019-03-27/99 Names 3-27-19, 9.14 PM.xcarchive/Products/Applications/99 Names.app'>'>: {
    "application-identifier" = "6K9GD6TJ48.dana.-9-Names";
    "beta-reports-active" = 1;
    "com.apple.developer.team-identifier" = 6K9GD6TJ48;
    "get-task-allow" = 0;
    "keychain-access-groups" =     (
        "6K9GD6TJ48.dana.-9-Names"
    );
}
2019-03-28 01:51:00 +0000  Writing entitlements for <IDEDistributionItem: 0x7f84b5ecf4f0 'dana.-9-Names' '<DVTFilePath:0x7f84b0ea9a10:'/Users/danane/Library/Developer/Xcode/Archives/2019-03-27/99 Names 3-27-19, 9.14 PM.xcarchive/Products/Applications/99 Names.app'>'> to: /var/folders/91/zdtwprqn2hq1gs9htg00q5y80000gn/T/XcodeDistPipeline.pdb/entitlementsgOeRR6
2019-03-28 01:51:00 +0000  Running /usr/bin/codesign '-vvv' '--force' '--sign' '8660386CB6927C1943202189C196C7744161574F' '--entitlements' '/var/folders/91/zdtwprqn2hq1gs9htg00q5y80000gn/T/XcodeDistPipeline.pdb/entitlementsgOeRR6' '--preserve-metadata=identifier,flags,runtime' '/var/folders/91/zdtwprqn2hq1gs9htg00q5y80000gn/T/XcodeDistPipeline.pdb/Root/Payload/99 Names.app'
2019-03-28 01:51:00 +0000  /var/folders/91/zdtwprqn2hq1gs9htg00q5y80000gn/T/XcodeDistPipeline.pdb/Root/Payload/99 Names.app: signed app bundle with Mach-O thin (arm64) [dana.-9-Names]
2019-03-28 01:51:00 +0000  /usr/bin/codesign exited with 0
2019-03-28 01:51:00 +0000  Processing step: IDEDistributionZipODRItemStep
2019-03-28 01:51:00 +0000  Skipping step: IDEDistributionZipODRItemStep because it said so
2019-03-28 01:51:00 +0000  Skipping step: IDEDistributionZipODRItemStep because it said so
2019-03-28 01:51:00 +0000  Skipping step: IDEDistributionZipODRItemStep because it said so
2019-03-28 01:51:00 +0000  Skipping step: IDEDistributionZipODRItemStep because it said so
2019-03-28 01:51:00 +0000  Skipping step: IDEDistributionZipODRItemStep because it said so
2019-03-28 01:51:00 +0000  Skipping step: IDEDistributionZipODRItemStep because it said so
2019-03-28 01:51:00 +0000  Skipping step: IDEDistributionZipODRItemStep because it said so
2019-03-28 01:51:00 +0000  Skipping step: IDEDistributionZipODRItemStep because it said so
2019-03-28 01:51:00 +0000  Skipping step: IDEDistributionZipODRItemStep because it said so
2019-03-28 01:51:00 +0000  Skipping step: IDEDistributionZipODRItemStep because it said so
2019-03-28 01:51:00 +0000  Skipping step: IDEDistributionZipODRItemStep because it said so
2019-03-28 01:51:00 +0000  Skipping step: IDEDistributionZipODRItemStep because it said so
2019-03-28 01:51:00 +0000  Skipping step: IDEDistributionZipODRItemStep because it said so
2019-03-28 01:51:00 +0000  Processing step: IDEDistributionCreateIPAStep
2019-03-28 01:51:00 +0000  Running /usr/bin/ditto '-V' '-c' '-k' '--norsrc' '/var/folders/91/zdtwprqn2hq1gs9htg00q5y80000gn/T/XcodeDistPipeline.pdb/Root' '/var/folders/91/zdtwprqn2hq1gs9htg00q5y80000gn/T/XcodeDistPipeline.pdb/Packages/99 Names.ipa'
2019-03-28 01:51:00 +0000  >>> Copying /var/folders/91/zdtwprqn2hq1gs9htg00q5y80000gn/T/XcodeDistPipeline.pdb/Root 
2019-03-28 01:51:00 +0000  copying file ./BCSymbolMaps/A4E82151-A2CF-34AE-9AD7-752A6D4087F0.bcsymbolmap ... 
2019-03-28 01:51:00 +0000  14398 bytes for ./BCSymbolMaps/A4E82151-A2CF-34AE-9AD7-752A6D4087F0.bcsymbolmap
2019-03-28 01:51:00 +0000  copying file ./Payload/99 Names.app/_CodeSignature/CodeResources ... 
2019-03-28 01:51:00 +0000  7123 bytes for ./Payload/99 Names.app/_CodeSignature/CodeResources
copying file ./Payload/99 Names.app/99 Names ... 
2019-03-28 01:51:00 +0000  139360 bytes for ./Payload/99 Names.app/99 Names
2019-03-28 01:51:00 +0000  copying file ./Payload/99 Names.app/Base.lproj/Main.storyboardc/UIViewController-BYZ-38-t0r.nib ... 
979 bytes for ./Payload/99 Names.app/Base.lproj/Main.storyboardc/UIViewController-BYZ-38-t0r.nib
copying file ./Payload/99 Names.app/Base.lproj/Main.storyboardc/BYZ-38-t0r-view-8bC-Xf-vdC.nib ... 
2019-03-28 01:51:00 +0000  3154 bytes for ./Payload/99 Names.app/Base.lproj/Main.storyboardc/BYZ-38-t0r-view-8bC-Xf-vdC.nib
copying file ./Payload/99 Names.app/Base.lproj/Main.storyboardc/Info.plist ... 
2019-03-28 01:51:00 +0000  258 bytes for ./Payload/99 Names.app/Base.lproj/Main.storyboardc/Info.plist
copying file ./Payload/99 Names.app/Base.lproj/LaunchScreen.storyboardc/01J-lp-oVM-view-Ze5-6b-2t3.nib ... 
2019-03-28 01:51:00 +0000  1136 bytes for ./Payload/99 Names.app/Base.lproj/LaunchScreen.storyboardc/01J-lp-oVM-view-Ze5-6b-2t3.nib
copying file ./Payload/99 Names.app/Base.lproj/LaunchScreen.storyboardc/UIViewController-01J-lp-oVM.nib ... 
832 bytes for ./Payload/99 Names.app/Base.lproj/LaunchScreen.storyboardc/UIViewController-01J-lp-oVM.nib
copying file ./Payload/99 Names.app/Base.lproj/LaunchScreen.storyboardc/Info.plist ... 
2019-03-28 01:51:00 +0000  258 bytes for ./Payload/99 Names.app/Base.lproj/LaunchScreen.storyboardc/Info.plist
copying file ./Payload/99 Names.app/Assets.car ... 
2019-03-28 01:51:00 +0000  494280 bytes for ./Payload/99 Names.app/Assets.car
2019-03-28 01:51:00 +0000  copying file ./Payload/99 Names.app/Frameworks/libswiftCoreImage.dylib ... 
2019-03-28 01:51:00 +0000  349776 bytes for ./Payload/99 Names.app/Frameworks/libswiftCoreImage.dylib
copying file ./Payload/99 Names.app/Frameworks/libswiftObjectiveC.dylib ... 
2019-03-28 01:51:00 +0000  497056 bytes for ./Payload/99 Names.app/Frameworks/libswiftObjectiveC.dylib
2019-03-28 01:51:00 +0000  copying file ./Payload/99 Names.app/Frameworks/libswiftCore.dylib ... 
2019-03-28 01:51:02 +0000  69853584 bytes for ./Payload/99 Names.app/Frameworks/libswiftCore.dylib
copying file ./Payload/99 Names.app/Frameworks/libswiftCoreGraphics.dylib ... 
2019-03-28 01:51:02 +0000  1737712 bytes for ./Payload/99 Names.app/Frameworks/libswiftCoreGraphics.dylib
copying file ./Payload/99 Names.app/Frameworks/libswiftUIKit.dylib ... 
2019-03-28 01:51:02 +0000  1464928 bytes for ./Payload/99 Names.app/Frameworks/libswiftUIKit.dylib
copying file ./Payload/99 Names.app/Frameworks/libswiftMetal.dylib ... 
2019-03-28 01:51:02 +0000  542496 bytes for ./Payload/99 Names.app/Frameworks/libswiftMetal.dylib
copying file ./Payload/99 Names.app/Frameworks/libswiftDispatch.dylib ... 
2019-03-28 01:51:03 +0000  3099552 bytes for ./Payload/99 Names.app/Frameworks/libswiftDispatch.dylib
copying file ./Payload/99 Names.app/Frameworks/libswiftos.dylib ... 
2019-03-28 01:51:03 +0000  645456 bytes for ./Payload/99 Names.app/Frameworks/libswiftos.dylib
2019-03-28 01:51:03 +0000  copying file ./Payload/99 Names.app/Frameworks/libswiftCoreFoundation.dylib ... 
2019-03-28 01:51:03 +0000  300112 bytes for ./Payload/99 Names.app/Frameworks/libswiftCoreFoundation.dylib
copying file ./Payload/99 Names.app/Frameworks/libswiftDarwin.dylib ... 
2019-03-28 01:51:03 +0000  814448 bytes for ./Payload/99 Names.app/Frameworks/libswiftDarwin.dylib
copying file ./Payload/99 Names.app/Frameworks/libswiftQuartzCore.dylib ... 
2019-03-28 01:51:03 +0000  353824 bytes for ./Payload/99 Names.app/Frameworks/libswiftQuartzCore.dylib
copying file ./Payload/99 Names.app/Frameworks/libswiftFoundation.dylib ... 
2019-03-28 01:51:04 +0000  31352384 bytes for ./Payload/99 Names.app/Frameworks/libswiftFoundation.dylib
2019-03-28 01:51:04 +0000  copying file ./Payload/99 Names.app/embedded.mobileprovision ... 
9499 bytes for ./Payload/99 Names.app/embedded.mobileprovision
copying file ./Payload/99 Names.app/Info.plist ... 
2019-03-28 01:51:04 +0000  1096 bytes for ./Payload/99 Names.app/Info.plist
copying file ./Payload/99 Names.app/PkgInfo ... 
8 bytes for ./Payload/99 Names.app/PkgInfo
2019-03-28 01:51:04 +0000  copying file ./SwiftSupport/iphoneos/libswiftCoreImage.dylib ... 
2019-03-28 01:51:04 +0000  405712 bytes for ./SwiftSupport/iphoneos/libswiftCoreImage.dylib
copying file ./SwiftSupport/iphoneos/libswiftObjectiveC.dylib ... 
2019-03-28 01:51:04 +0000  618432 bytes for ./SwiftSupport/iphoneos/libswiftObjectiveC.dylib
copying file ./SwiftSupport/iphoneos/libswiftCore.dylib ... 
2019-03-28 01:51:07 +0000  98254688 bytes for ./SwiftSupport/iphoneos/libswiftCore.dylib
copying file ./SwiftSupport/iphoneos/libswiftCoreGraphics.dylib ... 
2019-03-28 01:51:07 +0000  2316992 bytes for ./SwiftSupport/iphoneos/libswiftCoreGraphics.dylib
copying file ./SwiftSupport/iphoneos/libswiftUIKit.dylib ... 
2019-03-28 01:51:07 +0000  1929280 bytes for ./SwiftSupport/iphoneos/libswiftUIKit.dylib
copying file ./SwiftSupport/iphoneos/libswiftMetal.dylib ... 
2019-03-28 01:51:07 +0000  663760 bytes for ./SwiftSupport/iphoneos/libswiftMetal.dylib
copying file ./SwiftSupport/iphoneos/libswiftDispatch.dylib ... 
2019-03-28 01:51:07 +0000  4203552 bytes for ./SwiftSupport/iphoneos/libswiftDispatch.dylib
copying file ./SwiftSupport/iphoneos/libswiftos.dylib ... 
2019-03-28 01:51:07 +0000  816016 bytes for ./SwiftSupport/iphoneos/libswiftos.dylib
copying file ./SwiftSupport/iphoneos/libswiftCoreFoundation.dylib ... 
2019-03-28 01:51:07 +0000  339712 bytes for ./SwiftSupport/iphoneos/libswiftCoreFoundation.dylib
copying file ./SwiftSupport/iphoneos/libswiftDarwin.dylib ... 
2019-03-28 01:51:07 +0000  1082752 bytes for ./SwiftSupport/iphoneos/libswiftDarwin.dylib
copying file ./SwiftSupport/iphoneos/libswiftQuartzCore.dylib ... 
2019-03-28 01:51:07 +0000  426096 bytes for ./SwiftSupport/iphoneos/libswiftQuartzCore.dylib
copying file ./SwiftSupport/iphoneos/libswiftFoundation.dylib ... 
2019-03-28 01:51:08 +0000  42465680 bytes for ./SwiftSupport/iphoneos/libswiftFoundation.dylib
2019-03-28 01:51:08 +0000  /usr/bin/ditto exited with 0
2019-03-28 01:51:08 +0000  Processing step: IDEDistributionAppStoreInformationStep
2019-03-28 01:51:08 +0000  Skipping step: IDEDistributionAppStoreInformationStep because it said so
2019-03-28 01:51:08 +0000  Processing step: IDEDistributionCreateManifestStep
2019-03-28 01:51:08 +0000  Skipping step: IDEDistributionCreateManifestStep because it said so
